Horizon started successfully.
[2021-01-15 10:43:15][201852] Processing: App\Jobs\SocialShop\BulkOperation\SsCreateBulkOperationJob
346 SsCreateBulkOperationJob handle 
[2021-01-15 10:43:18][201852] Processed:  App\Jobs\SocialShop\BulkOperation\SsCreateBulkOperationJob
[2021-01-15 10:43:28][201862] Processing: App\Jobs\SocialShop\BulkOperation\SsCheckBulkOperationJob
61 SsCheckBulkOperationJob handle 
61 SsCheckBulkOperationJob checkStatusBulkById 
61 SsCheckBulkOperationJob check bulk false 
[2021-01-15 10:43:29][201862] Processed:  App\Jobs\SocialShop\BulkOperation\SsCheckBulkOperationJob
[2021-01-15 10:43:29][201864] Processing: App\Jobs\SocialShop\BulkOperation\SsCheckBulkOperationJob
346 SsCheckBulkOperationJob handle 
346 SsCheckBulkOperationJob checkStatusBulkById 
346 SsCheckBulkOperationJob check done 
[2021-01-15 10:43:29][201864] Processed:  App\Jobs\SocialShop\BulkOperation\SsCheckBulkOperationJob
[2021-01-15 10:43:29][201865] Processing: App\Jobs\SocialShop\BulkOperation\SsCheckBulkOperationJob
425 SsCheckBulkOperationJob handle 
425 SsCheckBulkOperationJob checkStatusBulkById 
425 SsCheckBulkOperationJob check bulk false 
[2021-01-15 10:43:30][201865] Processed:  App\Jobs\SocialShop\BulkOperation\SsCheckBulkOperationJob
[2021-01-15 10:43:30][201868] Processing: App\Jobs\SocialShop\Sync\Shopify\SsHandleSaveProductSourceJob
346 SsHandleSaveProductSourceJob handle 
346 SsHandleSaveProductSourceJob checkStatusBulkById 
346 SsHandleSaveProductSourceJob status || URL Id Empty 
[2021-01-15 10:43:31][201871] Processing: App\Jobs\SocialShop\BulkOperation\SsSubmitBulkGetAllProductJob
1666 handleFileData
[2021-01-15 10:43:31][201868] Processed:  App\Jobs\SocialShop\Sync\Shopify\SsHandleSaveProductSourceJob
1666 $fileCopy /app/storage/app/public/data_source/1666/reverse_1eca67f612c4ccea8b5a6cbbc8fc83cc.jsonl
1666 while 250
1666 convertProductsUseArray
1666 convertProductsMapping
1666 insert Postgres
1666 insert Mongo
1666 insert Mongo
1666 insert Mongo
1666 insert Mongo
1666 while 250
1666 convertProductsUseArray
1666 convertProductsMapping
1666 insert Postgres
1666 insert Mongo
1666 insert Mongo
1666 insert Mongo
1666 insert Mongo
1666 while 250
1666 convertProductsUseArray
1666 convertProductsMapping
1666 insert Postgres
1666 insert Mongo
1666 insert Mongo
1666 insert Mongo
1666 insert Mongo
1666 while 250
1666 convertProductsUseArray
1666 convertProductsMapping
1666 insert Postgres
1666 insert Mongo
1666 insert Mongo
1666 insert Mongo
1666 insert Mongo
1666 while done
1666 while end
1666 convertProductsUseArray
1666 convertProductsMapping
1666 insert Postgres
requestFacebookData : ["\/2844078032527989","post",{"schedule":"{\"interval\":\"HOURLY\",\"url\":\"https:\\\/\\\/s3-ap-southeast-1.amazonaws.com\\\/static-stag.socialhead.io\\\/facebook_feed\\\/86d7c8a08b4aaa1bc7c599473f5dddda.xml\",\"minute\":0}"},"EAAJlAI7Fa0MBAC6khGtTcMUbCAWENrPviNHZCMLG2QO1FcLtyWL7PKZAJZAarCY6FxpmTsvkFRQWwyCNHiZCboyTHMMrXtvIUwk7EB3pdAZBkCtU9cQfp4eFENFwqLrDZACPBv0wiYr1gfZBmXuI8gIaZAfY6lXXk3gmP07249NjAQZDZD"]
getDecodedBody: {"success":true}
getHttpStatusCode: 200
feed2facebookNow : {"id":1,"internal_id":"176100537197653","email":"anna.mee.231@gmail.com","name":"Corp Orient","slug":null,"avatar":"https:\/\/platform-lookaside.fbsbx.com\/platform\/profilepic\/?asid=176100537197653&height=50&width=50&ext=1613299309&hash=AeRkxZKO7jVW-oXl_YQ","social_type":"facebook","access_token":{"access_token":"EAAJlAI7Fa0MBAC6khGtTcMUbCAWENrPviNHZCMLG2QO1FcLtyWL7PKZAJZAarCY6FxpmTsvkFRQWwyCNHiZCboyTHMMrXtvIUwk7EB3pdAZBkCtU9cQfp4eFENFwqLrDZACPBv0wiYr1gfZBmXuI8gIaZAfY6lXXk3gmP07249NjAQZDZD"},"error":null,"status":true,"created_at":"2020-12-15 09:02:36","updated_at":"2021-01-15 10:41:50","fbe_ids":null,"error_code":null} {"id":1666,"shop_id":528,"ss_social_account_id":1,"name":"a1","account_center_id":"149354686338770","center_id":"229358278384529","account_center_name":"SocialHead Team","center_name":"Catalog_Products 1","target_market":"FB","content_language":"fb","utm_tag":null,"auto_refresh_at":"07:38:00","auto_refresh_period":"8 hour","auto_refresh_submit_run_time":"2021-01-15 13:43:31","auto_refresh_fetch_run_time":"2021-01-15 10:58:31","timezone":"Etc\/GMT+12","auto_apply_mapping":true,"type_get_product":null,"collection_ids":null,"filter_statement":null,"show_columns":[{"name":"Title","index":1,"column":"title","isShow":true},{"name":"ID","index":2,"column":"offer_id","isShow":true},{"name":"Status","index":3,"column":"status","isShow":true},{"name":"Errors From Facebook Catalog","index":4,"column":"errors","isShow":true},{"name":"Google Product Category","index":5,"column":"google_product_category","isShow":false},{"name":"Facebook Product Category","index":6,"column":"fb_product_category","isShow":false},{"name":"Product Link","index":7,"column":"link","isShow":false},{"name":"Image Link","index":8,"column":"image_link","isShow":false},{"name":"Condition","index":12,"column":"condition","isShow":false},{"name":"Brand","index":13,"column":"brand","isShow":false},{"name":"Product Type","index":16,"column":"product_types","isShow":false},{"name":"Custom Label 0","index":19,"column":"custom_label_0","isShow":false},{"name":"Custom Label 1","index":20,"column":"custom_label_1","isShow":false},{"name":"Custom Label 2","index":21,"column":"custom_label_2","isShow":false},{"name":"Custom Label 3","index":22,"column":"custom_label_3","isShow":false},{"name":"Custom Label 4","index":23,"column":"custom_label_4","isShow":false}],"last_submit":null,"last_fetch":null,"status":"ACTIVATED","processing":null,"manual_submit":false,"created_at":"2021-01-15 10:43:31","updated_at":"2021-01-15 10:43:45","check_migrate":true,"collection_categories":null,"is_re_assign":false,"is_uninstall":false,"data_source_id":"2844078032527989","social_type":"facebook","check_migrate_categories":true,"rules":{"includes":[],"includes_status":false,"assign_categories":[],"include_product_ids":[],"assign_categories_status":false,"include_product_ids_status":false},"user_id":1314,"shop_ids":[528],"schedule":"hourly","fbe_ids":null,"error_code":null,"estimated_time_first_submit":"2021-01-15 10:45:35"}
requestFacebookData : ["\/2844078032527989\/uploads","post",{"url":"https:\/\/s3-ap-southeast-1.amazonaws.com\/static-stag.socialhead.io\/facebook_feed\/86d7c8a08b4aaa1bc7c599473f5dddda.xml"},"EAAJlAI7Fa0MBAC6khGtTcMUbCAWENrPviNHZCMLG2QO1FcLtyWL7PKZAJZAarCY6FxpmTsvkFRQWwyCNHiZCboyTHMMrXtvIUwk7EB3pdAZBkCtU9cQfp4eFENFwqLrDZACPBv0wiYr1gfZBmXuI8gIaZAfY6lXXk3gmP07249NjAQZDZD"]
$resultDirectUpload: {"status":false,"message":"Invalid parameter","code":100,"data":[]}
[2021-01-15 10:43:46][201871] Processed:  App\Jobs\SocialShop\BulkOperation\SsSubmitBulkGetAllProductJob
[2021-01-15 10:43:51][201874] Processing: App\Jobs\SocialShop\FeedCenter\submitFacebookFeedJob
requestFacebookData : ["\/2844078032527989","post",{"schedule":"{\"interval\":\"HOURLY\",\"url\":\"https:\\\/\\\/s3-ap-southeast-1.amazonaws.com\\\/static-stag.socialhead.io\\\/facebook_feed\\\/86d7c8a08b4aaa1bc7c599473f5dddda.xml\",\"minute\":0}"},"EAAJlAI7Fa0MBAC6khGtTcMUbCAWENrPviNHZCMLG2QO1FcLtyWL7PKZAJZAarCY6FxpmTsvkFRQWwyCNHiZCboyTHMMrXtvIUwk7EB3pdAZBkCtU9cQfp4eFENFwqLrDZACPBv0wiYr1gfZBmXuI8gIaZAfY6lXXk3gmP07249NjAQZDZD"]
getDecodedBody: {"success":true}
getHttpStatusCode: 200
feed2facebookNow : {"id":1,"internal_id":"176100537197653","email":"anna.mee.231@gmail.com","name":"Corp Orient","slug":null,"avatar":"https:\/\/platform-lookaside.fbsbx.com\/platform\/profilepic\/?asid=176100537197653&height=50&width=50&ext=1613299309&hash=AeRkxZKO7jVW-oXl_YQ","social_type":"facebook","access_token":{"access_token":"EAAJlAI7Fa0MBAC6khGtTcMUbCAWENrPviNHZCMLG2QO1FcLtyWL7PKZAJZAarCY6FxpmTsvkFRQWwyCNHiZCboyTHMMrXtvIUwk7EB3pdAZBkCtU9cQfp4eFENFwqLrDZACPBv0wiYr1gfZBmXuI8gIaZAfY6lXXk3gmP07249NjAQZDZD"},"error":null,"status":true,"created_at":"2020-12-15 09:02:36","updated_at":"2021-01-15 10:41:50","fbe_ids":null,"error_code":null} {"id":1666,"shop_id":528,"ss_social_account_id":1,"name":"a1","account_center_id":"149354686338770","center_id":"229358278384529","account_center_name":"SocialHead Team","center_name":"Catalog_Products 1","target_market":"FB","content_language":"fb","utm_tag":null,"auto_refresh_at":"07:38:00","auto_refresh_period":"8 hour","auto_refresh_submit_run_time":"2021-01-15 13:43:31","auto_refresh_fetch_run_time":"2021-01-15 10:58:31","timezone":"Etc\/GMT+12","auto_apply_mapping":true,"type_get_product":null,"collection_ids":null,"filter_statement":null,"show_columns":[{"name":"Title","index":1,"column":"title","isShow":true},{"name":"ID","index":2,"column":"offer_id","isShow":true},{"name":"Status","index":3,"column":"status","isShow":true},{"name":"Errors From Facebook Catalog","index":4,"column":"errors","isShow":true},{"name":"Google Product Category","index":5,"column":"google_product_category","isShow":false},{"name":"Facebook Product Category","index":6,"column":"fb_product_category","isShow":false},{"name":"Product Link","index":7,"column":"link","isShow":false},{"name":"Image Link","index":8,"column":"image_link","isShow":false},{"name":"Condition","index":12,"column":"condition","isShow":false},{"name":"Brand","index":13,"column":"brand","isShow":false},{"name":"Product Type","index":16,"column":"product_types","isShow":false},{"name":"Custom Label 0","index":19,"column":"custom_label_0","isShow":false},{"name":"Custom Label 1","index":20,"column":"custom_label_1","isShow":false},{"name":"Custom Label 2","index":21,"column":"custom_label_2","isShow":false},{"name":"Custom Label 3","index":22,"column":"custom_label_3","isShow":false},{"name":"Custom Label 4","index":23,"column":"custom_label_4","isShow":false}],"last_submit":"2021-01-15 10:43:46","last_fetch":null,"status":"ACTIVATED","processing":null,"manual_submit":false,"created_at":"2021-01-15 10:43:31","updated_at":"2021-01-15 10:43:46","check_migrate":true,"collection_categories":null,"is_re_assign":false,"is_uninstall":false,"data_source_id":"2844078032527989","social_type":"facebook","check_migrate_categories":true,"rules":{"includes":[],"includes_status":false,"assign_categories":[],"include_product_ids":[],"assign_categories_status":false,"include_product_ids_status":false},"user_id":1314,"shop_ids":[528],"schedule":"hourly","fbe_ids":null,"error_code":null,"estimated_time_first_submit":null}
requestFacebookData : ["\/2844078032527989\/uploads","post",{"url":"https:\/\/s3-ap-southeast-1.amazonaws.com\/static-stag.socialhead.io\/facebook_feed\/86d7c8a08b4aaa1bc7c599473f5dddda.xml"},"EAAJlAI7Fa0MBAC6khGtTcMUbCAWENrPviNHZCMLG2QO1FcLtyWL7PKZAJZAarCY6FxpmTsvkFRQWwyCNHiZCboyTHMMrXtvIUwk7EB3pdAZBkCtU9cQfp4eFENFwqLrDZACPBv0wiYr1gfZBmXuI8gIaZAfY6lXXk3gmP07249NjAQZDZD"]
$resultDirectUpload: {"status":false,"message":"Invalid parameter","code":100,"data":[]}
[2021-01-15 10:43:52][201874] Processed:  App\Jobs\SocialShop\FeedCenter\submitFacebookFeedJob
[2021-01-15 10:44:03][201875] Processing: App\Jobs\SocialShop\BulkOperation\SsCheckBulkOperationJob
28 SsCheckBulkOperationJob handle 
28 SsCheckBulkOperationJob checkStatusBulkById 
28 SsCheckBulkOperationJob check bulk false 
[2021-01-15 10:44:03][201883] Processing: App\Jobs\SocialShop\Google\Submit\SsGoogleSubmitProductJob
[2021-01-15 10:44:04][201875] Processed:  App\Jobs\SocialShop\BulkOperation\SsCheckBulkOperationJob
[2021-01-15 10:44:04][201878] Processing: App\Jobs\SocialShop\BulkOperation\SsCheckBulkOperationJob
343 SsCheckBulkOperationJob handle 
343 SsCheckBulkOperationJob checkStatusBulkById 
343 SsCheckBulkOperationJob check bulk false 
[2021-01-15 10:44:04][201883] Processed:  App\Jobs\SocialShop\Google\Submit\SsGoogleSubmitProductJob
[2021-01-15 10:44:05][201878] Processed:  App\Jobs\SocialShop\BulkOperation\SsCheckBulkOperationJob
[2021-01-15 10:44:04][201885] Processing: App\Jobs\SocialShop\BulkOperation\SsSubmitBulkGetAllProductWoocommerceJob
[2021-01-15 10:44:04][201885] Processed:  App\Jobs\SocialShop\BulkOperation\SsSubmitBulkGetAllProductWoocommerceJob
[2021-01-15 10:44:04][201886] Processing: App\Jobs\WooCommerce\CreateFeed
[2021-01-15 10:44:07][201886] Processed:  App\Jobs\WooCommerce\CreateFeed
[2021-01-15 10:44:07][201888] Processing: App\Jobs\WooCommerce\CreateFeed
[2021-01-15 10:44:07][201888] Processed:  App\Jobs\WooCommerce\CreateFeed
[2021-01-15 10:44:10][201889] Processing: App\Jobs\SocialShop\Sync\Shopify\SsHandleSaveProductSourceJob
123 SsHandleSaveProductSourceJob handle 
123 SsHandleSaveProductSourceJob shop empty 
[2021-01-15 10:44:10][201889] Processed:  App\Jobs\SocialShop\Sync\Shopify\SsHandleSaveProductSourceJob
[2021-01-15 10:44:10][201891] Processing: App\Jobs\SocialShop\Sync\Shopify\SsHandleSaveProductSourceJob
2 SsHandleSaveProductSourceJob handle 
2 SsHandleSaveProductSourceJob shop empty 
[2021-01-15 10:44:10][201891] Processed:  App\Jobs\SocialShop\Sync\Shopify\SsHandleSaveProductSourceJob
[2021-01-15 10:44:10][201893] Processing: App\Jobs\SocialShop\Sync\Shopify\SsHandleSaveProductSourceJob
102 SsHandleSaveProductSourceJob handle 
102 SsHandleSaveProductSourceJob shop empty 
[2021-01-15 10:44:10][201893] Processed:  App\Jobs\SocialShop\Sync\Shopify\SsHandleSaveProductSourceJob
[2021-01-15 10:44:10][201895] Processing: App\Jobs\SocialShop\Sync\Shopify\SsHandleSaveProductSourceJob
97 SsHandleSaveProductSourceJob handle 
97 SsHandleSaveProductSourceJob shop empty 
[2021-01-15 10:44:10][201895] Processed:  App\Jobs\SocialShop\Sync\Shopify\SsHandleSaveProductSourceJob
[2021-01-15 10:44:10][201897] Processing: App\Jobs\SocialShop\Sync\Shopify\SsHandleSaveProductSourceJob
70 SsHandleSaveProductSourceJob handle 
70 SsHandleSaveProductSourceJob checkStatusBulkById 
70 SsHandleSaveProductSourceJob handleFileData 
70 handleProductSource 
70 handleSave 
[2021-01-15 10:44:16][201897] Processed:  App\Jobs\SocialShop\Sync\Shopify\SsHandleSaveProductSourceJob
[2021-01-15 10:44:31][201899] Processing: App\Jobs\SocialShop\FeedCenter\submitFacebookFeedJob
requestFacebookData : ["\/2844078032527989","post",{"schedule":"{\"interval\":\"HOURLY\",\"url\":\"https:\\\/\\\/s3-ap-southeast-1.amazonaws.com\\\/static-stag.socialhead.io\\\/facebook_feed\\\/86d7c8a08b4aaa1bc7c599473f5dddda.xml\",\"minute\":0}"},"EAAJlAI7Fa0MBAC6khGtTcMUbCAWENrPviNHZCMLG2QO1FcLtyWL7PKZAJZAarCY6FxpmTsvkFRQWwyCNHiZCboyTHMMrXtvIUwk7EB3pdAZBkCtU9cQfp4eFENFwqLrDZACPBv0wiYr1gfZBmXuI8gIaZAfY6lXXk3gmP07249NjAQZDZD"]
getDecodedBody: {"success":true}
getHttpStatusCode: 200
feed2facebookNow : {"id":1,"internal_id":"176100537197653","email":"anna.mee.231@gmail.com","name":"Corp Orient","slug":null,"avatar":"https:\/\/platform-lookaside.fbsbx.com\/platform\/profilepic\/?asid=176100537197653&height=50&width=50&ext=1613299309&hash=AeRkxZKO7jVW-oXl_YQ","social_type":"facebook","access_token":{"access_token":"EAAJlAI7Fa0MBAC6khGtTcMUbCAWENrPviNHZCMLG2QO1FcLtyWL7PKZAJZAarCY6FxpmTsvkFRQWwyCNHiZCboyTHMMrXtvIUwk7EB3pdAZBkCtU9cQfp4eFENFwqLrDZACPBv0wiYr1gfZBmXuI8gIaZAfY6lXXk3gmP07249NjAQZDZD"},"error":null,"status":true,"created_at":"2020-12-15 09:02:36","updated_at":"2021-01-15 10:41:50","fbe_ids":null,"error_code":null} {"id":1666,"shop_id":528,"ss_social_account_id":1,"name":"a1","account_center_id":"149354686338770","center_id":"229358278384529","account_center_name":"SocialHead Team","center_name":"Catalog_Products 1","target_market":"FB","content_language":"fb","utm_tag":null,"auto_refresh_at":"07:38:00","auto_refresh_period":"8 hour","auto_refresh_submit_run_time":"2021-01-15 13:43:31","auto_refresh_fetch_run_time":"2021-01-15 10:58:31","timezone":"Etc\/GMT+12","auto_apply_mapping":true,"type_get_product":null,"collection_ids":null,"filter_statement":null,"show_columns":[{"name":"Title","index":1,"column":"title","isShow":true},{"name":"ID","index":2,"column":"offer_id","isShow":true},{"name":"Status","index":3,"column":"status","isShow":true},{"name":"Errors From Facebook Catalog","index":4,"column":"errors","isShow":true},{"name":"Google Product Category","index":5,"column":"google_product_category","isShow":false},{"name":"Facebook Product Category","index":6,"column":"fb_product_category","isShow":false},{"name":"Product Link","index":7,"column":"link","isShow":false},{"name":"Image Link","index":8,"column":"image_link","isShow":false},{"name":"Condition","index":12,"column":"condition","isShow":false},{"name":"Brand","index":13,"column":"brand","isShow":false},{"name":"Product Type","index":16,"column":"product_types","isShow":false},{"name":"Custom Label 0","index":19,"column":"custom_label_0","isShow":false},{"name":"Custom Label 1","index":20,"column":"custom_label_1","isShow":false},{"name":"Custom Label 2","index":21,"column":"custom_label_2","isShow":false},{"name":"Custom Label 3","index":22,"column":"custom_label_3","isShow":false},{"name":"Custom Label 4","index":23,"column":"custom_label_4","isShow":false}],"last_submit":"2021-01-15 10:43:46","last_fetch":null,"status":"ACTIVATED","processing":null,"manual_submit":false,"created_at":"2021-01-15 10:43:31","updated_at":"2021-01-15 10:43:46","check_migrate":true,"collection_categories":null,"is_re_assign":false,"is_uninstall":false,"data_source_id":"2844078032527989","social_type":"facebook","check_migrate_categories":true,"rules":{"includes":[],"includes_status":false,"assign_categories":[],"include_product_ids":[],"assign_categories_status":false,"include_product_ids_status":false},"user_id":1314,"shop_ids":[528],"schedule":"hourly","fbe_ids":null,"error_code":null,"estimated_time_first_submit":null}
requestFacebookData : ["\/2844078032527989\/uploads","post",{"url":"https:\/\/s3-ap-southeast-1.amazonaws.com\/static-stag.socialhead.io\/facebook_feed\/86d7c8a08b4aaa1bc7c599473f5dddda.xml"},"EAAJlAI7Fa0MBAC6khGtTcMUbCAWENrPviNHZCMLG2QO1FcLtyWL7PKZAJZAarCY6FxpmTsvkFRQWwyCNHiZCboyTHMMrXtvIUwk7EB3pdAZBkCtU9cQfp4eFENFwqLrDZACPBv0wiYr1gfZBmXuI8gIaZAfY6lXXk3gmP07249NjAQZDZD"]
getDecodedBody: {"id":"2844078489194610"}
getHttpStatusCode: 200
$resultDirectUpload: {"status":true,"message":"","data":{"id":"2844078489194610"},"code":200}
updateErrorCodeById: [1666,null,4]
requestFacebookData : ["\/2844078489194610\/error_report","post",[],"EAAJlAI7Fa0MBAC6khGtTcMUbCAWENrPviNHZCMLG2QO1FcLtyWL7PKZAJZAarCY6FxpmTsvkFRQWwyCNHiZCboyTHMMrXtvIUwk7EB3pdAZBkCtU9cQfp4eFENFwqLrDZACPBv0wiYr1gfZBmXuI8gIaZAfY6lXXk3gmP07249NjAQZDZD"]
[2021-01-15 10:44:33][201899] Processed:  App\Jobs\SocialShop\FeedCenter\submitFacebookFeedJob
[2021-01-15 10:45:06][201910] Processing: App\Jobs\SocialShop\BulkOperation\SsCreateBulkOperationJob
123 SsCreateBulkOperationJob handle 
123 SsCreateBulkOperationJob Shop Empty 
[2021-01-15 10:45:06][201910] Processed:  App\Jobs\SocialShop\BulkOperation\SsCreateBulkOperationJob
[2021-01-15 10:45:06][201912] Processing: App\Jobs\SocialShop\BulkOperation\SsCreateBulkOperationJob
2 SsCreateBulkOperationJob handle 
2 SsCreateBulkOperationJob Shop Empty 
[2021-01-15 10:45:06][201912] Processed:  App\Jobs\SocialShop\BulkOperation\SsCreateBulkOperationJob
[2021-01-15 10:45:06][201916] Processing: App\Jobs\SocialShop\BulkOperation\SsCreateBulkOperationJob
97 SsCreateBulkOperationJob handle 
97 SsCreateBulkOperationJob Shop Empty 
[2021-01-15 10:45:06][201916] Processed:  App\Jobs\SocialShop\BulkOperation\SsCreateBulkOperationJob
[2021-01-15 10:45:06][201918] Processing: App\Jobs\SocialShop\BulkOperation\SsCreateBulkOperationJob
70 SsCreateBulkOperationJob handle 
[2021-01-15 10:45:06][201918] Processed:  App\Jobs\SocialShop\BulkOperation\SsCreateBulkOperationJob
[2021-01-15 10:45:08][201902] Processing: App\Jobs\SocialShop\BulkOperation\SsCheckBulkOperationJob
70 SsCheckBulkOperationJob handle 
70 SsCheckBulkOperationJob checkStatusBulkById 
[2021-01-15 10:45:07][201909] Processing: App\Jobs\SocialShop\Sync\Shopify\SsHandleSaveProductSourceJob
123 SsHandleSaveProductSourceJob handle 
123 SsHandleSaveProductSourceJob shop empty 
[2021-01-15 10:45:07][201909] Processed:  App\Jobs\SocialShop\Sync\Shopify\SsHandleSaveProductSourceJob
[2021-01-15 10:45:07][201911] Processing: App\Jobs\SocialShop\Sync\Shopify\SsHandleSaveProductSourceJob
2 SsHandleSaveProductSourceJob handle 
2 SsHandleSaveProductSourceJob shop empty 
[2021-01-15 10:45:07][201911] Processed:  App\Jobs\SocialShop\Sync\Shopify\SsHandleSaveProductSourceJob
[2021-01-15 10:45:07][201913] Processing: App\Jobs\SocialShop\Sync\Shopify\SsHandleSaveProductSourceJob
102 SsHandleSaveProductSourceJob handle 
102 SsHandleSaveProductSourceJob shop empty 
[2021-01-15 10:45:07][201913] Processed:  App\Jobs\SocialShop\Sync\Shopify\SsHandleSaveProductSourceJob
[2021-01-15 10:45:07][201915] Processing: App\Jobs\SocialShop\Sync\Shopify\SsHandleSaveProductSourceJob
97 SsHandleSaveProductSourceJob handle 
97 SsHandleSaveProductSourceJob shop empty 
[2021-01-15 10:45:07][201915] Processed:  App\Jobs\SocialShop\Sync\Shopify\SsHandleSaveProductSourceJob
[2021-01-15 10:45:07][201917] Processing: App\Jobs\SocialShop\Sync\Shopify\SsHandleSaveProductSourceJob
70 SsHandleSaveProductSourceJob handle 
70 SsHandleSaveProductSourceJob checkStatusBulkById 
70 SsHandleSaveProductSourceJob handleFileData 
70 handleProductSource 
70 SsCheckBulkOperationJob check bulk false 
[2021-01-15 10:45:08][201902] Processed:  App\Jobs\SocialShop\BulkOperation\SsCheckBulkOperationJob
70 handleSave 
[2021-01-15 10:45:14][201917] Processed:  App\Jobs\SocialShop\Sync\Shopify\SsHandleSaveProductSourceJob
[2021-01-15 10:46:11][201923] Processing: App\Jobs\SocialShop\BulkOperation\SsCheckBulkOperationJob
28 SsCheckBulkOperationJob handle 
28 SsCheckBulkOperationJob checkStatusBulkById 
[2021-01-15 10:46:11][201929] Processing: App\Jobs\FeedFacebookCheckJob
getFacebookError: {"id":1543,"shop_id":171,"ss_social_account_id":28,"name":"fb feed 1","account_center_id":"2899252070322141","center_id":"1045992789238454","account_center_name":"Ahuy-Test","center_name":"uat danh m\u1ee5c 1","target_market":"FB","content_language":"fb","utm_tag":null,"auto_refresh_at":"23:01:00","auto_refresh_period":"3 hour","auto_refresh_submit_run_time":"2021-01-15 08:01:00","auto_refresh_fetch_run_time":"2021-01-14 02:27:56","timezone":"Etc\/GMT+12","auto_apply_mapping":true,"type_get_product":null,"collection_ids":null,"filter_statement":null,"show_columns":[{"name":"Title","index":1,"column":"title","isShow":true},{"name":"ID","index":2,"column":"offer_id","isShow":true},{"name":"Status","index":3,"column":"status","isShow":true},{"name":"Errors From Facebook Catalog","index":4,"column":"errors","isShow":true},{"name":"Google Product Category","index":5,"column":"google_product_category","isShow":false},{"name":"Facebook Product Category","index":6,"column":"fb_product_category","isShow":false},{"name":"Product Link","index":7,"column":"link","isShow":false},{"name":"Image Link","index":8,"column":"image_link","isShow":false},{"name":"Condition","index":12,"column":"condition","isShow":false},{"name":"Brand","index":13,"column":"brand","isShow":false},{"name":"Product Type","index":16,"column":"product_types","isShow":false},{"name":"Custom Label 0","index":19,"column":"custom_label_0","isShow":false},{"name":"Custom Label 1","index":20,"column":"custom_label_1","isShow":false},{"name":"Custom Label 2","index":21,"column":"custom_label_2","isShow":false},{"name":"Custom Label 3","index":22,"column":"custom_label_3","isShow":false},{"name":"Custom Label 4","index":23,"column":"custom_label_4","isShow":false}],"last_submit":"2021-01-14 20:10:12","last_fetch":"2021-01-14 05:21:03","status":"ACTIVATED","processing":null,"manual_submit":false,"created_at":"2021-01-14 02:12:56","updated_at":"2021-01-15 05:01:13","check_migrate":true,"collection_categories":null,"is_re_assign":false,"is_uninstall":false,"data_source_id":"249979813308728","social_type":"facebook","check_migrate_categories":true,"rules":{"includes":[],"includes_status":false,"assign_categories":[],"include_product_ids":[],"assign_categories_status":false,"include_product_ids_status":false},"user_id":6,"shop_ids":[171,13,14,12,17,16,8,6,7,15,257,18],"schedule":"hourly","fbe_ids":null,"error_code":null,"estimated_time_first_submit":null,"ss_social_account":{"id":28,"internal_id":"3435822453205264","email":"thiensu_18863@yahoo.com.vn","name":"Huy Nguy\u1ec5n","slug":null,"avatar":"https:\/\/platform-lookaside.fbsbx.com\/platform\/profilepic\/?asid=3435822453205264&height=50&width=50&ext=1613274631&hash=AeRYDY9u1FIDwFX3zLQ","social_type":"facebook","access_token":{"access_token":"EAAJlAI7Fa0MBAL5yO35Jts4yNe51VLcH4IZCr7m1cWE6eKzdY3lLRwcCbI9846L4p3eTCiu0YiKrPSlHeDk8UqpB9GZAsmwj2PfIjjBlDKcqO7ikPMGobmQKv1m5O0q89xuAVLl9xN3PpIPSXegEmT8wZBd5rDdVdoOeV38MwZDZD"},"error":null,"status":true,"created_at":"2021-01-04 10:32:24","updated_at":"2021-01-15 03:50:32","fbe_ids":null,"error_code":null}}
requestFacebookData : ["\/250951383211571?fields=error_report","get",[],"EAAJlAI7Fa0MBAL5yO35Jts4yNe51VLcH4IZCr7m1cWE6eKzdY3lLRwcCbI9846L4p3eTCiu0YiKrPSlHeDk8UqpB9GZAsmwj2PfIjjBlDKcqO7ikPMGobmQKv1m5O0q89xuAVLl9xN3PpIPSXegEmT8wZBd5rDdVdoOeV38MwZDZD"]
getDecodedBody: {"error_report":{"report_status":"NOT_REQUESTED"},"id":"250951383211571"}
getHttpStatusCode: 200
$result : {"status":true,"message":"","data":{"error_report":{"report_status":"NOT_REQUESTED"},"id":"250951383211571"},"code":200}
1543 $error_report {"status":true,"message":"","data":{"error_report":{"report_status":"NOT_REQUESTED"},"id":"250951383211571"},"code":200}
requestFacebookData : ["\/250951383211571\/error_report","post",[],"EAAJlAI7Fa0MBAL5yO35Jts4yNe51VLcH4IZCr7m1cWE6eKzdY3lLRwcCbI9846L4p3eTCiu0YiKrPSlHeDk8UqpB9GZAsmwj2PfIjjBlDKcqO7ikPMGobmQKv1m5O0q89xuAVLl9xN3PpIPSXegEmT8wZBd5rDdVdoOeV38MwZDZD"]
getFacebookError: {"id":1592,"shop_id":464,"ss_social_account_id":13,"name":"Test feed eu","account_center_id":"2955074047936185","center_id":"929376061216717","account_center_name":"Tram's Business","center_name":"TEST DATASOURCE 3","target_market":"FB","content_language":"fb","utm_tag":null,"auto_refresh_at":"06:20:00","auto_refresh_period":"8 hour","auto_refresh_submit_run_time":"2021-01-15 14:20:00","auto_refresh_fetch_run_time":"2021-01-14 08:36:02","timezone":"Asia\/Bangkok","auto_apply_mapping":true,"type_get_product":null,"collection_ids":null,"filter_statement":null,"show_columns":[{"name":"Title","index":1,"column":"title","isShow":true},{"name":"ID","index":2,"column":"offer_id","isShow":true},{"name":"Status","index":3,"column":"status","isShow":true},{"name":"Errors From Facebook Catalog","index":4,"column":"errors","isShow":true},{"name":"Google Product Category","index":5,"column":"google_product_category","isShow":false},{"name":"Facebook Product Category","index":6,"column":"fb_product_category","isShow":false},{"name":"Product Link","index":7,"column":"link","isShow":false},{"name":"Image Link","index":8,"column":"image_link","isShow":false},{"name":"Condition","index":12,"column":"condition","isShow":false},{"name":"Brand","index":13,"column":"brand","isShow":false},{"name":"Product Type","index":16,"column":"product_types","isShow":false},{"name":"Custom Label 0","index":19,"column":"custom_label_0","isShow":false},{"name":"Custom Label 1","index":20,"column":"custom_label_1","isShow":false},{"name":"Custom Label 2","index":21,"column":"custom_label_2","isShow":false},{"name":"Custom Label 3","index":22,"column":"custom_label_3","isShow":false},{"name":"Custom Label 4","index":23,"column":"custom_label_4","isShow":false}],"last_submit":"2021-01-15 09:06:16","last_fetch":"2021-01-15 09:06:16","status":"ACTIVATED","processing":null,"manual_submit":false,"created_at":"2021-01-14 08:21:02","updated_at":"2021-01-15 09:06:16","check_migrate":true,"collection_categories":null,"is_re_assign":false,"is_uninstall":false,"data_source_id":"2836115116628014","social_type":"facebook","check_migrate_categories":true,"rules":{"includes":[],"includes_status":false,"assign_categories":[],"include_product_ids":[],"assign_categories_status":false,"include_product_ids_status":false},"user_id":47,"shop_ids":[517],"schedule":"hourly","fbe_ids":null,"error_code":null,"estimated_time_first_submit":null,"ss_social_account":{"id":13,"internal_id":"176453657246583","email":"176453657246583@facebook.com","name":"Tram Tran","slug":null,"avatar":"https:\/\/platform-lookaside.fbsbx.com\/platform\/profilepic\/?asid=176453657246583&height=50&width=50&ext=1613278817&hash=AeQLBCO0ezQ0KtycdwY","social_type":"facebook","access_token":{"access_token":"EAAJlAI7Fa0MBAJnkON45XA3GLbpE0RWZCEj6ZCgyYtnEOXmGhiPR2gVROukZClNmZAzbkZCc9IQRTULcotw5nDu9l9ZCt1vcFOzpYhF1gNHbhiuUSnZAWZBOf9Yeh6Jwsp6DiJpt0Tz6RSeiZCakwp0FBeWZBu7HJscRj6r2Fx7GY9QgZDZD"},"error":null,"status":true,"created_at":"2020-12-16 08:18:43","updated_at":"2021-01-15 05:00:18","fbe_ids":null,"error_code":null}}
requestFacebookData : ["\/2836778309895028?fields=error_report","get",[],"EAAJlAI7Fa0MBAJnkON45XA3GLbpE0RWZCEj6ZCgyYtnEOXmGhiPR2gVROukZClNmZAzbkZCc9IQRTULcotw5nDu9l9ZCt1vcFOzpYhF1gNHbhiuUSnZAWZBOf9Yeh6Jwsp6DiJpt0Tz6RSeiZCakwp0FBeWZBu7HJscRj6r2Fx7GY9QgZDZD"]
getDecodedBody: {"error_report":{"report_status":"NOT_REQUESTED"},"id":"2836778309895028"}
getHttpStatusCode: 200
$result : {"status":true,"message":"","data":{"error_report":{"report_status":"NOT_REQUESTED"},"id":"2836778309895028"},"code":200}
1592 $error_report {"status":true,"message":"","data":{"error_report":{"report_status":"NOT_REQUESTED"},"id":"2836778309895028"},"code":200}
requestFacebookData : ["\/2836778309895028\/error_report","post",[],"EAAJlAI7Fa0MBAJnkON45XA3GLbpE0RWZCEj6ZCgyYtnEOXmGhiPR2gVROukZClNmZAzbkZCc9IQRTULcotw5nDu9l9ZCt1vcFOzpYhF1gNHbhiuUSnZAWZBOf9Yeh6Jwsp6DiJpt0Tz6RSeiZCakwp0FBeWZBu7HJscRj6r2Fx7GY9QgZDZD"]
[2021-01-15 10:46:12][201935] Processing: App\Jobs\SocialShop\BulkOperation\SsCreateBulkOperationJob
2 SsCreateBulkOperationJob handle 
2 SsCreateBulkOperationJob Shop Empty 
[2021-01-15 10:46:12][201935] Processed:  App\Jobs\SocialShop\BulkOperation\SsCreateBulkOperationJob
[2021-01-15 10:46:12][201937] Processing: App\Jobs\SocialShop\BulkOperation\SsCreateBulkOperationJob
102 SsCreateBulkOperationJob handle 
102 SsCreateBulkOperationJob Shop Empty 
[2021-01-15 10:46:12][201937] Processed:  App\Jobs\SocialShop\BulkOperation\SsCreateBulkOperationJob
[2021-01-15 10:46:12][201939] Processing: App\Jobs\SocialShop\BulkOperation\SsCreateBulkOperationJob
97 SsCreateBulkOperationJob handle 
97 SsCreateBulkOperationJob Shop Empty 
[2021-01-15 10:46:12][201939] Processed:  App\Jobs\SocialShop\BulkOperation\SsCreateBulkOperationJob
[2021-01-15 10:46:12][201941] Processing: App\Jobs\SocialShop\BulkOperation\SsCreateBulkOperationJob
52 SsCreateBulkOperationJob handle 
28 SsCheckBulkOperationJob check bulk false 
[2021-01-15 10:46:12][201923] Processed:  App\Jobs\SocialShop\BulkOperation\SsCheckBulkOperationJob
[2021-01-15 10:46:12][201926] Processing: App\Jobs\SocialShop\BulkOperation\SsCheckBulkOperationJob
343 SsCheckBulkOperationJob handle 
343 SsCheckBulkOperationJob checkStatusBulkById 
343 SsCheckBulkOperationJob check bulk false 
getFacebookError: {"id":1666,"shop_id":528,"ss_social_account_id":1,"name":"a1","account_center_id":"149354686338770","center_id":"229358278384529","account_center_name":"SocialHead Team","center_name":"Catalog_Products 1","target_market":"FB","content_language":"fb","utm_tag":null,"auto_refresh_at":"07:38:00","auto_refresh_period":"8 hour","auto_refresh_submit_run_time":"2021-01-15 13:43:31","auto_refresh_fetch_run_time":"2021-01-15 10:58:31","timezone":"Etc\/GMT+12","auto_apply_mapping":true,"type_get_product":null,"collection_ids":null,"filter_statement":null,"show_columns":[{"name":"Title","index":1,"column":"title","isShow":true},{"name":"ID","index":2,"column":"offer_id","isShow":true},{"name":"Status","index":3,"column":"status","isShow":true},{"name":"Errors From Facebook Catalog","index":4,"column":"errors","isShow":true},{"name":"Google Product Category","index":5,"column":"google_product_category","isShow":false},{"name":"Facebook Product Category","index":6,"column":"fb_product_category","isShow":false},{"name":"Product Link","index":7,"column":"link","isShow":false},{"name":"Image Link","index":8,"column":"image_link","isShow":false},{"name":"Condition","index":12,"column":"condition","isShow":false},{"name":"Brand","index":13,"column":"brand","isShow":false},{"name":"Product Type","index":16,"column":"product_types","isShow":false},{"name":"Custom Label 0","index":19,"column":"custom_label_0","isShow":false},{"name":"Custom Label 1","index":20,"column":"custom_label_1","isShow":false},{"name":"Custom Label 2","index":21,"column":"custom_label_2","isShow":false},{"name":"Custom Label 3","index":22,"column":"custom_label_3","isShow":false},{"name":"Custom Label 4","index":23,"column":"custom_label_4","isShow":false}],"last_submit":"2021-01-15 10:43:46","last_fetch":null,"status":"ACTIVATED","processing":null,"manual_submit":false,"created_at":"2021-01-15 10:43:31","updated_at":"2021-01-15 10:43:46","check_migrate":true,"collection_categories":null,"is_re_assign":false,"is_uninstall":false,"data_source_id":"2844078032527989","social_type":"facebook","check_migrate_categories":true,"rules":{"includes":[],"includes_status":false,"assign_categories":[],"include_product_ids":[],"assign_categories_status":false,"include_product_ids_status":false},"user_id":1314,"shop_ids":[528],"schedule":"hourly","fbe_ids":null,"error_code":null,"estimated_time_first_submit":null,"ss_social_account":{"id":1,"internal_id":"176100537197653","email":"anna.mee.231@gmail.com","name":"Corp Orient","slug":null,"avatar":"https:\/\/platform-lookaside.fbsbx.com\/platform\/profilepic\/?asid=176100537197653&height=50&width=50&ext=1613299309&hash=AeRkxZKO7jVW-oXl_YQ","social_type":"facebook","access_token":{"access_token":"EAAJlAI7Fa0MBAC6khGtTcMUbCAWENrPviNHZCMLG2QO1FcLtyWL7PKZAJZAarCY6FxpmTsvkFRQWwyCNHiZCboyTHMMrXtvIUwk7EB3pdAZBkCtU9cQfp4eFENFwqLrDZACPBv0wiYr1gfZBmXuI8gIaZAfY6lXXk3gmP07249NjAQZDZD"},"error":null,"status":true,"created_at":"2020-12-15 09:02:36","updated_at":"2021-01-15 10:41:50","fbe_ids":null,"error_code":null}}
requestFacebookData : ["\/2844078489194610?fields=error_report","get",[],"EAAJlAI7Fa0MBAC6khGtTcMUbCAWENrPviNHZCMLG2QO1FcLtyWL7PKZAJZAarCY6FxpmTsvkFRQWwyCNHiZCboyTHMMrXtvIUwk7EB3pdAZBkCtU9cQfp4eFENFwqLrDZACPBv0wiYr1gfZBmXuI8gIaZAfY6lXXk3gmP07249NjAQZDZD"]
getDecodedBody: {"error_report":{"report_status":"WRITE_FINISHED","file_handle":"https:\/\/scontent-xsp1-3.xx.fbcdn.net\/v\/t58.23320-6\/99790886_3273059969463975_8480368417229692744_n.csv?_nc_cat=109&ccb=2&_nc_sid=c48759&_nc_ohc=0e0EtLcnk9kAX-HIZWx&_nc_ht=scontent-xsp1-3.xx&oh=425d054b3c5f005d3b757a6eb0a90962&oe=6002DCAD"},"id":"2844078489194610"}
getHttpStatusCode: 200
$result : {"status":true,"message":"","data":{"error_report":{"report_status":"WRITE_FINISHED","file_handle":"https:\/\/scontent-xsp1-3.xx.fbcdn.net\/v\/t58.23320-6\/99790886_3273059969463975_8480368417229692744_n.csv?_nc_cat=109&ccb=2&_nc_sid=c48759&_nc_ohc=0e0EtLcnk9kAX-HIZWx&_nc_ht=scontent-xsp1-3.xx&oh=425d054b3c5f005d3b757a6eb0a90962&oe=6002DCAD"},"id":"2844078489194610"},"code":200}
1666 $error_report {"status":true,"message":"","data":{"error_report":{"report_status":"WRITE_FINISHED","file_handle":"https:\/\/scontent-xsp1-3.xx.fbcdn.net\/v\/t58.23320-6\/99790886_3273059969463975_8480368417229692744_n.csv?_nc_cat=109&ccb=2&_nc_sid=c48759&_nc_ohc=0e0EtLcnk9kAX-HIZWx&_nc_ht=scontent-xsp1-3.xx&oh=425d054b3c5f005d3b757a6eb0a90962&oe=6002DCAD"},"id":"2844078489194610"},"code":200}
requestFacebookData : ["\/2844078489194610\/error_report","post",[],"EAAJlAI7Fa0MBAC6khGtTcMUbCAWENrPviNHZCMLG2QO1FcLtyWL7PKZAJZAarCY6FxpmTsvkFRQWwyCNHiZCboyTHMMrXtvIUwk7EB3pdAZBkCtU9cQfp4eFENFwqLrDZACPBv0wiYr1gfZBmXuI8gIaZAfY6lXXk3gmP07249NjAQZDZD"]
52 SsCreateBulkOperationJob create bulk false 
[2021-01-15 10:46:13][201941] Processed:  App\Jobs\SocialShop\BulkOperation\SsCreateBulkOperationJob
[2021-01-15 10:46:13][201926] Processed:  App\Jobs\SocialShop\BulkOperation\SsCheckBulkOperationJob
getFacebookError: {"id":1548,"shop_id":171,"ss_social_account_id":28,"name":"fb feed 2","account_center_id":"2899252070322141","center_id":"425023668548043","account_center_name":"Ahuy-Test","center_name":"uat danh m\u1ee5c 2","target_market":"FB","content_language":"fb","utm_tag":null,"auto_refresh_at":"23:01:00","auto_refresh_period":"3 hour","auto_refresh_submit_run_time":"2021-01-15 11:01:00","auto_refresh_fetch_run_time":"2021-01-14 03:06:06","timezone":"Etc\/GMT+12","auto_apply_mapping":true,"type_get_product":null,"collection_ids":null,"filter_statement":null,"show_columns":[{"name":"Title","index":1,"column":"title","isShow":true},{"name":"ID","index":2,"column":"offer_id","isShow":true},{"name":"Status","index":3,"column":"status","isShow":true},{"name":"Errors From Facebook Catalog","index":4,"column":"errors","isShow":true},{"name":"Google Product Category","index":5,"column":"google_product_category","isShow":false},{"name":"Facebook Product Category","index":6,"column":"fb_product_category","isShow":false},{"name":"Product Link","index":7,"column":"link","isShow":false},{"name":"Image Link","index":8,"column":"image_link","isShow":false},{"name":"Condition","index":12,"column":"condition","isShow":false},{"name":"Brand","index":13,"column":"brand","isShow":false},{"name":"Product Type","index":16,"column":"product_types","isShow":false},{"name":"Custom Label 0","index":19,"column":"custom_label_0","isShow":false},{"name":"Custom Label 1","index":20,"column":"custom_label_1","isShow":false},{"name":"Custom Label 2","index":21,"column":"custom_label_2","isShow":false},{"name":"Custom Label 3","index":22,"column":"custom_label_3","isShow":false},{"name":"Custom Label 4","index":23,"column":"custom_label_4","isShow":false}],"last_submit":"2021-01-14 23:05:23","last_fetch":"2021-01-14 06:12:34","status":"ACTIVATED","processing":null,"manual_submit":false,"created_at":"2021-01-14 02:51:06","updated_at":"2021-01-15 08:01:17","check_migrate":true,"collection_categories":null,"is_re_assign":false,"is_uninstall":false,"data_source_id":"829459777612271","social_type":"facebook","check_migrate_categories":true,"rules":{"includes":[],"includes_status":false,"assign_categories":[],"include_product_ids":[],"assign_categories_status":false,"include_product_ids_status":false},"user_id":6,"shop_ids":[171,13,14,12,17,16,8,6,7,257,490,496,494,492,15,489,491,18,493,495,497],"schedule":"hourly","fbe_ids":null,"error_code":"FB:SESSION_DATA_NOT_FOUND","estimated_time_first_submit":null,"ss_social_account":{"id":28,"internal_id":"3435822453205264","email":"thiensu_18863@yahoo.com.vn","name":"Huy Nguy\u1ec5n","slug":null,"avatar":"https:\/\/platform-lookaside.fbsbx.com\/platform\/profilepic\/?asid=3435822453205264&height=50&width=50&ext=1613274631&hash=AeRYDY9u1FIDwFX3zLQ","social_type":"facebook","access_token":{"access_token":"EAAJlAI7Fa0MBAL5yO35Jts4yNe51VLcH4IZCr7m1cWE6eKzdY3lLRwcCbI9846L4p3eTCiu0YiKrPSlHeDk8UqpB9GZAsmwj2PfIjjBlDKcqO7ikPMGobmQKv1m5O0q89xuAVLl9xN3PpIPSXegEmT8wZBd5rDdVdoOeV38MwZDZD"},"error":null,"status":true,"created_at":"2021-01-04 10:32:24","updated_at":"2021-01-15 03:50:32","fbe_ids":null,"error_code":null}}
requestFacebookData : ["\/830193837538865?fields=error_report","get",[],"EAAJlAI7Fa0MBAL5yO35Jts4yNe51VLcH4IZCr7m1cWE6eKzdY3lLRwcCbI9846L4p3eTCiu0YiKrPSlHeDk8UqpB9GZAsmwj2PfIjjBlDKcqO7ikPMGobmQKv1m5O0q89xuAVLl9xN3PpIPSXegEmT8wZBd5rDdVdoOeV38MwZDZD"]
[2021-01-15 10:46:14][201930] Processing: App\Jobs\SocialShop\Sync\Shopify\SsHandleSaveProductSourceJob
123 SsHandleSaveProductSourceJob handle 
123 SsHandleSaveProductSourceJob shop empty 
[2021-01-15 10:46:14][201930] Processed:  App\Jobs\SocialShop\Sync\Shopify\SsHandleSaveProductSourceJob
[2021-01-15 10:46:14][201932] Processing: App\Jobs\SocialShop\Sync\Shopify\SsHandleSaveProductSourceJob
85 SsHandleSaveProductSourceJob handle 
85 SsHandleSaveProductSourceJob checkStatusBulkById 
getDecodedBody: {"error_report":{"report_status":"NOT_REQUESTED"},"id":"830193837538865"}
getHttpStatusCode: 200
$result : {"status":true,"message":"","data":{"error_report":{"report_status":"NOT_REQUESTED"},"id":"830193837538865"},"code":200}
1548 $error_report {"status":true,"message":"","data":{"error_report":{"report_status":"NOT_REQUESTED"},"id":"830193837538865"},"code":200}
requestFacebookData : ["\/830193837538865\/error_report","post",[],"EAAJlAI7Fa0MBAL5yO35Jts4yNe51VLcH4IZCr7m1cWE6eKzdY3lLRwcCbI9846L4p3eTCiu0YiKrPSlHeDk8UqpB9GZAsmwj2PfIjjBlDKcqO7ikPMGobmQKv1m5O0q89xuAVLl9xN3PpIPSXegEmT8wZBd5rDdVdoOeV38MwZDZD"]
getFacebookError: {"id":1593,"shop_id":171,"ss_social_account_id":28,"name":"fb feed 4","account_center_id":"2899252070322141","center_id":"1047559465727352","account_center_name":"Ahuy-Test","center_name":"uat danh m\u1ee5c 4","target_market":"FB","content_language":"fb","utm_tag":null,"auto_refresh_at":"23:43:00","auto_refresh_period":"8 hour","auto_refresh_submit_run_time":"2021-01-14 23:43:00","auto_refresh_fetch_run_time":"2021-01-14 08:41:31","timezone":"Etc\/GMT+12","auto_apply_mapping":true,"type_get_product":null,"collection_ids":null,"filter_statement":null,"show_columns":[{"name":"Title","index":1,"column":"title","isShow":true},{"name":"ID","index":2,"column":"offer_id","isShow":true},{"name":"Status","index":3,"column":"status","isShow":true},{"name":"Errors From Facebook Catalog","index":4,"column":"errors","isShow":true},{"name":"Google Product Category","index":5,"column":"google_product_category","isShow":false},{"name":"Facebook Product Category","index":6,"column":"fb_product_category","isShow":false},{"name":"Product Link","index":7,"column":"link","isShow":false},{"name":"Image Link","index":8,"column":"image_link","isShow":false},{"name":"Condition","index":12,"column":"condition","isShow":false},{"name":"Brand","index":13,"column":"brand","isShow":false},{"name":"Product Type","index":16,"column":"product_types","isShow":false},{"name":"Custom Label 0","index":19,"column":"custom_label_0","isShow":false},{"name":"Custom Label 1","index":20,"column":"custom_label_1","isShow":false},{"name":"Custom Label 2","index":21,"column":"custom_label_2","isShow":false},{"name":"Custom Label 3","index":22,"column":"custom_label_3","isShow":false},{"name":"Custom Label 4","index":23,"column":"custom_label_4","isShow":false}],"last_submit":"2021-01-14 12:03:24","last_fetch":null,"status":"ACTIVATED","processing":null,"manual_submit":false,"created_at":"2021-01-14 08:26:31","updated_at":"2021-01-14 15:43:10","check_migrate":true,"collection_categories":null,"is_re_assign":false,"is_uninstall":false,"data_source_id":"1222231418171140","social_type":"facebook","check_migrate_categories":true,"rules":{"includes":[],"includes_status":false,"assign_categories":[],"include_product_ids":[],"assign_categories_status":false,"include_product_ids_status":false},"user_id":6,"shop_ids":[171,16,8,170,494,492,18,493,499,501,495,491,496,6,17,13,14,12,7,257,490,15,489,497,510],"schedule":"hourly","fbe_ids":null,"error_code":null,"estimated_time_first_submit":null,"ss_social_account":{"id":28,"internal_id":"3435822453205264","email":"thiensu_18863@yahoo.com.vn","name":"Huy Nguy\u1ec5n","slug":null,"avatar":"https:\/\/platform-lookaside.fbsbx.com\/platform\/profilepic\/?asid=3435822453205264&height=50&width=50&ext=1613204765&hash=AeRY4-jixe-W4BpLxNA","social_type":"facebook","access_token":{"access_token":"EAAJlAI7Fa0MBAPi9B7zNuxWCqJq9PgWRpnMrS72WoF43V9MOvM7ZCl0TaZAZBVLrlaKeZBy4ItZAZAOjbM7sYDKO2gfXlGCQZAG931RUtjZBHByWtnMkJOAl4I6ZAJOVCNpZAHmtHmMivYFY2yZB2csucTGdK0ZAYUWqBWPMQJCwcWgOUAZDZD"},"error":null,"status":true,"created_at":"2021-01-04 10:32:24","updated_at":"2021-01-14 08:26:05","fbe_ids":null,"error_code":null}}
requestFacebookData : ["\/1222360238158258?fields=error_report","get",[],"EAAJlAI7Fa0MBAPi9B7zNuxWCqJq9PgWRpnMrS72WoF43V9MOvM7ZCl0TaZAZBVLrlaKeZBy4ItZAZAOjbM7sYDKO2gfXlGCQZAG931RUtjZBHByWtnMkJOAl4I6ZAJOVCNpZAHmtHmMivYFY2yZB2csucTGdK0ZAYUWqBWPMQJCwcWgOUAZDZD"]
getDecodedBody: {"error_report":{"report_status":"NOT_REQUESTED"},"id":"1222360238158258"}
getHttpStatusCode: 200
$result : {"status":true,"message":"","data":{"error_report":{"report_status":"NOT_REQUESTED"},"id":"1222360238158258"},"code":200}
1593 $error_report {"status":true,"message":"","data":{"error_report":{"report_status":"NOT_REQUESTED"},"id":"1222360238158258"},"code":200}
requestFacebookData : ["\/1222360238158258\/error_report","post",[],"EAAJlAI7Fa0MBAPi9B7zNuxWCqJq9PgWRpnMrS72WoF43V9MOvM7ZCl0TaZAZBVLrlaKeZBy4ItZAZAOjbM7sYDKO2gfXlGCQZAG931RUtjZBHByWtnMkJOAl4I6ZAJOVCNpZAHmtHmMivYFY2yZB2csucTGdK0ZAYUWqBWPMQJCwcWgOUAZDZD"]
getFacebookError: {"id":1599,"shop_id":464,"ss_social_account_id":13,"name":"test feed eu 1","account_center_id":"2955074047936185","center_id":"806626653225886","account_center_name":"Tram's Business","center_name":"TEST DATASOURCE 2","target_market":"FB","content_language":"fb","utm_tag":null,"auto_refresh_at":"06:20:00","auto_refresh_period":"8 hour","auto_refresh_submit_run_time":"2021-01-15 14:20:00","auto_refresh_fetch_run_time":"2021-01-14 09:00:25","timezone":"Asia\/Bangkok","auto_apply_mapping":true,"type_get_product":null,"collection_ids":null,"filter_statement":null,"show_columns":[{"name":"Title","index":1,"column":"title","isShow":true},{"name":"ID","index":2,"column":"offer_id","isShow":true},{"name":"Status","index":3,"column":"status","isShow":true},{"name":"Errors From Facebook Catalog","index":4,"column":"errors","isShow":true},{"name":"Google Product Category","index":5,"column":"google_product_category","isShow":false},{"name":"Facebook Product Category","index":6,"column":"fb_product_category","isShow":false},{"name":"Product Link","index":7,"column":"link","isShow":false},{"name":"Image Link","index":8,"column":"image_link","isShow":false},{"name":"Condition","index":12,"column":"condition","isShow":false},{"name":"Brand","index":13,"column":"brand","isShow":false},{"name":"Product Type","index":16,"column":"product_types","isShow":false},{"name":"Custom Label 0","index":19,"column":"custom_label_0","isShow":false},{"name":"Custom Label 1","index":20,"column":"custom_label_1","isShow":false},{"name":"Custom Label 2","index":21,"column":"custom_label_2","isShow":false},{"name":"Custom Label 3","index":22,"column":"custom_label_3","isShow":false},{"name":"Custom Label 4","index":23,"column":"custom_label_4","isShow":false}],"last_submit":"2021-01-15 08:59:55","last_fetch":"2021-01-15 08:59:55","status":"ACTIVATED","processing":null,"manual_submit":false,"created_at":"2021-01-14 08:45:25","updated_at":"2021-01-15 08:59:55","check_migrate":true,"collection_categories":null,"is_re_assign":false,"is_uninstall":false,"data_source_id":"260019712227388","social_type":"facebook","check_migrate_categories":true,"rules":{"includes":[],"includes_status":false,"assign_categories":[],"include_product_ids":[],"assign_categories_status":false,"include_product_ids_status":false},"user_id":47,"shop_ids":[517],"schedule":"hourly","fbe_ids":null,"error_code":null,"estimated_time_first_submit":null,"ss_social_account":{"id":13,"internal_id":"176453657246583","email":"176453657246583@facebook.com","name":"Tram Tran","slug":null,"avatar":"https:\/\/platform-lookaside.fbsbx.com\/platform\/profilepic\/?asid=176453657246583&height=50&width=50&ext=1613278817&hash=AeQLBCO0ezQ0KtycdwY","social_type":"facebook","access_token":{"access_token":"EAAJlAI7Fa0MBAJnkON45XA3GLbpE0RWZCEj6ZCgyYtnEOXmGhiPR2gVROukZClNmZAzbkZCc9IQRTULcotw5nDu9l9ZCt1vcFOzpYhF1gNHbhiuUSnZAWZBOf9Yeh6Jwsp6DiJpt0Tz6RSeiZCakwp0FBeWZBu7HJscRj6r2Fx7GY9QgZDZD"},"error":null,"status":true,"created_at":"2020-12-16 08:18:43","updated_at":"2021-01-15 05:00:18","fbe_ids":null,"error_code":null}}
requestFacebookData : ["\/260708468825179?fields=error_report","get",[],"EAAJlAI7Fa0MBAJnkON45XA3GLbpE0RWZCEj6ZCgyYtnEOXmGhiPR2gVROukZClNmZAzbkZCc9IQRTULcotw5nDu9l9ZCt1vcFOzpYhF1gNHbhiuUSnZAWZBOf9Yeh6Jwsp6DiJpt0Tz6RSeiZCakwp0FBeWZBu7HJscRj6r2Fx7GY9QgZDZD"]
getDecodedBody: {"error_report":{"report_status":"NOT_REQUESTED"},"id":"260708468825179"}
getHttpStatusCode: 200
$result : {"status":true,"message":"","data":{"error_report":{"report_status":"NOT_REQUESTED"},"id":"260708468825179"},"code":200}
1599 $error_report {"status":true,"message":"","data":{"error_report":{"report_status":"NOT_REQUESTED"},"id":"260708468825179"},"code":200}
requestFacebookData : ["\/260708468825179\/error_report","post",[],"EAAJlAI7Fa0MBAJnkON45XA3GLbpE0RWZCEj6ZCgyYtnEOXmGhiPR2gVROukZClNmZAzbkZCc9IQRTULcotw5nDu9l9ZCt1vcFOzpYhF1gNHbhiuUSnZAWZBOf9Yeh6Jwsp6DiJpt0Tz6RSeiZCakwp0FBeWZBu7HJscRj6r2Fx7GY9QgZDZD"]
85 SsHandleSaveProductSourceJob handleFileData 
85 handleProductSource 
85 handleSave 
getFacebookError: {"id":1587,"shop_id":171,"ss_social_account_id":28,"name":"fb feed 6.1","account_center_id":"2899252070322141","center_id":"2779342472283135","account_center_name":"Ahuy-Test","center_name":"Danh m\u1ee5c 6","target_market":"FB","content_language":"fb","utm_tag":null,"auto_refresh_at":"23:43","auto_refresh_period":"8 hour","auto_refresh_submit_run_time":"2021-01-15 15:43:00","auto_refresh_fetch_run_time":"2021-01-14 15:58:00","timezone":"Etc\/GMT+12","auto_apply_mapping":true,"type_get_product":null,"collection_ids":null,"filter_statement":null,"show_columns":[{"name":"Title","index":1,"column":"title","isShow":true},{"name":"ID","index":2,"column":"offer_id","isShow":true},{"name":"Status","index":3,"column":"status","isShow":true},{"name":"Errors From Facebook Catalog","index":4,"column":"errors","isShow":true},{"name":"Google Product Category","index":5,"column":"google_product_category","isShow":false},{"name":"Facebook Product Category","index":6,"column":"fb_product_category","isShow":false},{"name":"Product Link","index":7,"column":"link","isShow":false},{"name":"Image Link","index":8,"column":"image_link","isShow":false},{"name":"Condition","index":12,"column":"condition","isShow":false},{"name":"Brand","index":13,"column":"brand","isShow":false},{"name":"Product Type","index":16,"column":"product_types","isShow":false},{"name":"Custom Label 0","index":19,"column":"custom_label_0","isShow":false},{"name":"Custom Label 1","index":20,"column":"custom_label_1","isShow":false},{"name":"Custom Label 2","index":21,"column":"custom_label_2","isShow":false},{"name":"Custom Label 3","index":22,"column":"custom_label_3","isShow":false},{"name":"Custom Label 4","index":23,"column":"custom_label_4","isShow":false}],"last_submit":"2021-01-14 16:28:58","last_fetch":"2021-01-14 08:40:59","status":"ACTIVATED","processing":null,"manual_submit":false,"created_at":"2021-01-14 08:07:23","updated_at":"2021-01-15 07:43:07","check_migrate":true,"collection_categories":null,"is_re_assign":false,"is_uninstall":false,"data_source_id":"266673154790871","social_type":"facebook","check_migrate_categories":true,"rules":{"includes":[],"includes_status":false,"include_product_ids":[],"include_product_ids_status":false},"user_id":6,"shop_ids":[16,8,494,492,491,496,6,17,13,14,12,7,257,490,489,15,493,499,501,495,497,510,171],"schedule":"hourly","fbe_ids":null,"error_code":null,"estimated_time_first_submit":null,"ss_social_account":{"id":28,"internal_id":"3435822453205264","email":"thiensu_18863@yahoo.com.vn","name":"Huy Nguy\u1ec5n","slug":null,"avatar":"https:\/\/platform-lookaside.fbsbx.com\/platform\/profilepic\/?asid=3435822453205264&height=50&width=50&ext=1613274631&hash=AeRYDY9u1FIDwFX3zLQ","social_type":"facebook","access_token":{"access_token":"EAAJlAI7Fa0MBAL5yO35Jts4yNe51VLcH4IZCr7m1cWE6eKzdY3lLRwcCbI9846L4p3eTCiu0YiKrPSlHeDk8UqpB9GZAsmwj2PfIjjBlDKcqO7ikPMGobmQKv1m5O0q89xuAVLl9xN3PpIPSXegEmT8wZBd5rDdVdoOeV38MwZDZD"},"error":null,"status":true,"created_at":"2021-01-04 10:32:24","updated_at":"2021-01-15 03:50:32","fbe_ids":null,"error_code":null}}
requestFacebookData : ["\/267281891396664?fields=error_report","get",[],"EAAJlAI7Fa0MBAL5yO35Jts4yNe51VLcH4IZCr7m1cWE6eKzdY3lLRwcCbI9846L4p3eTCiu0YiKrPSlHeDk8UqpB9GZAsmwj2PfIjjBlDKcqO7ikPMGobmQKv1m5O0q89xuAVLl9xN3PpIPSXegEmT8wZBd5rDdVdoOeV38MwZDZD"]
getDecodedBody: {"error_report":{"report_status":"NOT_REQUESTED"},"id":"267281891396664"}
getHttpStatusCode: 200
$result : {"status":true,"message":"","data":{"error_report":{"report_status":"NOT_REQUESTED"},"id":"267281891396664"},"code":200}
1587 $error_report {"status":true,"message":"","data":{"error_report":{"report_status":"NOT_REQUESTED"},"id":"267281891396664"},"code":200}
requestFacebookData : ["\/267281891396664\/error_report","post",[],"EAAJlAI7Fa0MBAL5yO35Jts4yNe51VLcH4IZCr7m1cWE6eKzdY3lLRwcCbI9846L4p3eTCiu0YiKrPSlHeDk8UqpB9GZAsmwj2PfIjjBlDKcqO7ikPMGobmQKv1m5O0q89xuAVLl9xN3PpIPSXegEmT8wZBd5rDdVdoOeV38MwZDZD"]
getFacebookError: {"id":1602,"shop_id":464,"ss_social_account_id":13,"name":"test 100.000","account_center_id":"2955074047936185","center_id":"607685653513548","account_center_name":"Tram's Business","center_name":"TramTTM_3","target_market":"FB","content_language":"fb","utm_tag":null,"auto_refresh_at":"06:20:00","auto_refresh_period":"8 hour","auto_refresh_submit_run_time":"2021-01-15 14:20:00","auto_refresh_fetch_run_time":"2021-01-14 09:07:47","timezone":"Asia\/Bangkok","auto_apply_mapping":true,"type_get_product":null,"collection_ids":null,"filter_statement":null,"show_columns":[{"name":"Title","index":1,"column":"title","isShow":true},{"name":"ID","index":2,"column":"offer_id","isShow":true},{"name":"Status","index":3,"column":"status","isShow":true},{"name":"Errors From Facebook Catalog","index":4,"column":"errors","isShow":true},{"name":"Google Product Category","index":5,"column":"google_product_category","isShow":false},{"name":"Facebook Product Category","index":6,"column":"fb_product_category","isShow":false},{"name":"Product Link","index":7,"column":"link","isShow":false},{"name":"Image Link","index":8,"column":"image_link","isShow":false},{"name":"Condition","index":12,"column":"condition","isShow":false},{"name":"Brand","index":13,"column":"brand","isShow":false},{"name":"Product Type","index":16,"column":"product_types","isShow":false},{"name":"Custom Label 0","index":19,"column":"custom_label_0","isShow":false},{"name":"Custom Label 1","index":20,"column":"custom_label_1","isShow":false},{"name":"Custom Label 2","index":21,"column":"custom_label_2","isShow":false},{"name":"Custom Label 3","index":22,"column":"custom_label_3","isShow":false},{"name":"Custom Label 4","index":23,"column":"custom_label_4","isShow":false}],"last_submit":"2021-01-15 09:06:51","last_fetch":"2021-01-15 09:06:51","status":"ACTIVATED","processing":null,"manual_submit":false,"created_at":"2021-01-14 08:52:47","updated_at":"2021-01-15 09:06:51","check_migrate":true,"collection_categories":null,"is_re_assign":false,"is_uninstall":false,"data_source_id":"214396743685308","social_type":"facebook","check_migrate_categories":true,"rules":{"includes":[],"includes_status":false,"assign_categories":[],"include_product_ids":[],"assign_categories_status":false,"include_product_ids_status":false},"user_id":47,"shop_ids":[517,464,518],"schedule":"hourly","fbe_ids":null,"error_code":"FB:100","estimated_time_first_submit":null,"ss_social_account":{"id":13,"internal_id":"176453657246583","email":"176453657246583@facebook.com","name":"Tram Tran","slug":null,"avatar":"https:\/\/platform-lookaside.fbsbx.com\/platform\/profilepic\/?asid=176453657246583&height=50&width=50&ext=1613278817&hash=AeQLBCO0ezQ0KtycdwY","social_type":"facebook","access_token":{"access_token":"EAAJlAI7Fa0MBAJnkON45XA3GLbpE0RWZCEj6ZCgyYtnEOXmGhiPR2gVROukZClNmZAzbkZCc9IQRTULcotw5nDu9l9ZCt1vcFOzpYhF1gNHbhiuUSnZAWZBOf9Yeh6Jwsp6DiJpt0Tz6RSeiZCakwp0FBeWZBu7HJscRj6r2Fx7GY9QgZDZD"},"error":null,"status":true,"created_at":"2020-12-16 08:18:43","updated_at":"2021-01-15 05:00:18","fbe_ids":null,"error_code":null}}
requestFacebookData : ["\/215014676956848?fields=error_report","get",[],"EAAJlAI7Fa0MBAJnkON45XA3GLbpE0RWZCEj6ZCgyYtnEOXmGhiPR2gVROukZClNmZAzbkZCc9IQRTULcotw5nDu9l9ZCt1vcFOzpYhF1gNHbhiuUSnZAWZBOf9Yeh6Jwsp6DiJpt0Tz6RSeiZCakwp0FBeWZBu7HJscRj6r2Fx7GY9QgZDZD"]
getDecodedBody: {"error_report":{"report_status":"NOT_REQUESTED"},"id":"215014676956848"}
getHttpStatusCode: 200
$result : {"status":true,"message":"","data":{"error_report":{"report_status":"NOT_REQUESTED"},"id":"215014676956848"},"code":200}
1602 $error_report {"status":true,"message":"","data":{"error_report":{"report_status":"NOT_REQUESTED"},"id":"215014676956848"},"code":200}
requestFacebookData : ["\/215014676956848\/error_report","post",[],"EAAJlAI7Fa0MBAJnkON45XA3GLbpE0RWZCEj6ZCgyYtnEOXmGhiPR2gVROukZClNmZAzbkZCc9IQRTULcotw5nDu9l9ZCt1vcFOzpYhF1gNHbhiuUSnZAWZBOf9Yeh6Jwsp6DiJpt0Tz6RSeiZCakwp0FBeWZBu7HJscRj6r2Fx7GY9QgZDZD"]
[2021-01-15 10:46:16][201932] Processed:  App\Jobs\SocialShop\Sync\Shopify\SsHandleSaveProductSourceJob
getFacebookError: {"id":1633,"shop_id":171,"ss_social_account_id":28,"name":"fb feed 7","account_center_id":"2899252070322141","center_id":"2827617060897947","account_center_name":"Ahuy-Test","center_name":"uat danh m\u1ee5c 7","target_market":"FB","content_language":"fb","utm_tag":null,"auto_refresh_at":"23:43:00","auto_refresh_period":"8 hour","auto_refresh_submit_run_time":"2021-01-15 15:43:00","auto_refresh_fetch_run_time":"2021-01-15 04:06:06","timezone":"Etc\/GMT+12","auto_apply_mapping":true,"type_get_product":null,"collection_ids":null,"filter_statement":null,"show_columns":[{"name":"Title","index":1,"column":"title","isShow":true},{"name":"ID","index":2,"column":"offer_id","isShow":true},{"name":"Status","index":3,"column":"status","isShow":true},{"name":"Errors From Facebook Catalog","index":4,"column":"errors","isShow":true},{"name":"Google Product Category","index":5,"column":"google_product_category","isShow":false},{"name":"Facebook Product Category","index":6,"column":"fb_product_category","isShow":false},{"name":"Product Link","index":7,"column":"link","isShow":false},{"name":"Image Link","index":8,"column":"image_link","isShow":false},{"name":"Condition","index":12,"column":"condition","isShow":false},{"name":"Brand","index":13,"column":"brand","isShow":false},{"name":"Product Type","index":16,"column":"product_types","isShow":false},{"name":"Custom Label 0","index":19,"column":"custom_label_0","isShow":false},{"name":"Custom Label 1","index":20,"column":"custom_label_1","isShow":false},{"name":"Custom Label 2","index":21,"column":"custom_label_2","isShow":false},{"name":"Custom Label 3","index":22,"column":"custom_label_3","isShow":false},{"name":"Custom Label 4","index":23,"column":"custom_label_4","isShow":false}],"last_submit":"2021-01-15 09:33:28","last_fetch":"2021-01-15 09:33:28","status":"ACTIVATED","processing":null,"manual_submit":false,"created_at":"2021-01-15 03:51:06","updated_at":"2021-01-15 09:33:28","check_migrate":true,"collection_categories":null,"is_re_assign":false,"is_uninstall":false,"data_source_id":"232233485036275","social_type":"facebook","check_migrate_categories":true,"rules":{"includes":[],"includes_status":false,"assign_categories":[],"include_product_ids":[],"assign_categories_status":false,"include_product_ids_status":false},"user_id":6,"shop_ids":[490,496,494,492,257],"schedule":"hourly","fbe_ids":null,"error_code":null,"estimated_time_first_submit":null,"ss_social_account":{"id":28,"internal_id":"3435822453205264","email":"thiensu_18863@yahoo.com.vn","name":"Huy Nguy\u1ec5n","slug":null,"avatar":"https:\/\/platform-lookaside.fbsbx.com\/platform\/profilepic\/?asid=3435822453205264&height=50&width=50&ext=1613274631&hash=AeRYDY9u1FIDwFX3zLQ","social_type":"facebook","access_token":{"access_token":"EAAJlAI7Fa0MBAL5yO35Jts4yNe51VLcH4IZCr7m1cWE6eKzdY3lLRwcCbI9846L4p3eTCiu0YiKrPSlHeDk8UqpB9GZAsmwj2PfIjjBlDKcqO7ikPMGobmQKv1m5O0q89xuAVLl9xN3PpIPSXegEmT8wZBd5rDdVdoOeV38MwZDZD"},"error":null,"status":true,"created_at":"2021-01-04 10:32:24","updated_at":"2021-01-15 03:50:32","fbe_ids":null,"error_code":null}}
requestFacebookData : ["\/232269225032701?fields=error_report","get",[],"EAAJlAI7Fa0MBAL5yO35Jts4yNe51VLcH4IZCr7m1cWE6eKzdY3lLRwcCbI9846L4p3eTCiu0YiKrPSlHeDk8UqpB9GZAsmwj2PfIjjBlDKcqO7ikPMGobmQKv1m5O0q89xuAVLl9xN3PpIPSXegEmT8wZBd5rDdVdoOeV38MwZDZD"]
getDecodedBody: {"error_report":{"report_status":"NOT_REQUESTED"},"id":"232269225032701"}
getHttpStatusCode: 200
$result : {"status":true,"message":"","data":{"error_report":{"report_status":"NOT_REQUESTED"},"id":"232269225032701"},"code":200}
1633 $error_report {"status":true,"message":"","data":{"error_report":{"report_status":"NOT_REQUESTED"},"id":"232269225032701"},"code":200}
requestFacebookData : ["\/232269225032701\/error_report","post",[],"EAAJlAI7Fa0MBAL5yO35Jts4yNe51VLcH4IZCr7m1cWE6eKzdY3lLRwcCbI9846L4p3eTCiu0YiKrPSlHeDk8UqpB9GZAsmwj2PfIjjBlDKcqO7ikPMGobmQKv1m5O0q89xuAVLl9xN3PpIPSXegEmT8wZBd5rDdVdoOeV38MwZDZD"]
$error_urls {"1666":"https:\/\/scontent-xsp1-3.xx.fbcdn.net\/v\/t58.23320-6\/99790886_3273059969463975_8480368417229692744_n.csv?_nc_cat=109&ccb=2&_nc_sid=c48759&_nc_ohc=0e0EtLcnk9kAX-HIZWx&_nc_ht=scontent-xsp1-3.xx&oh=425d054b3c5f005d3b757a6eb0a90962&oe=6002DCAD"}
[2021-01-15 10:46:17][201929] Processed:  App\Jobs\FeedFacebookCheckJob
